<?xml version="1.0" encoding="UTF-8"?>
<!-- Generated by org.testng.reporters.JUnitXMLReporter -->
<testsuite ignored="0" hostname="DESKTOP-IP7TE20" failures="0" tests="2" name="Test" time="207.962" errors="0" timestamp="2024-10-31T08:32:32 GMT-07:00">
  <testcase classname="testCases.TC_002_Verify_Logo_is_Displayed" name="Verify_Logo_is_Displayed" time="1.608"/>
  <testcase classname="testCases.TC_003_Verify_Compund_Interest_Calculator" name="Verify_Compund_Interest_Calculator" time="92.843"/>
</testsuite> <!-- Test -->
