<?xml version="1.0" encoding="UTF-8"?>
<testng-results ignored="0" total="2" passed="2" failed="0" skipped="0">
  <reporter-output>
  </reporter-output>
  <suite started-at="2024-10-31T08:29:04 GMT-07:00" name="Suite" finished-at="2024-10-31T08:32:32 GMT-07:00" duration-ms="207962">
    <groups>
      <group name="regression">
        <method signature="TC_003_Verify_Compund_Interest_Calculator.Verify_Compund_Interest_Calculator()[pri:0, instance:testCases.TC_003_Verify_Compund_Interest_Calculator@52bf72b5]" name="Verify_Compund_Interest_Calculator" class="testCases.TC_003_Verify_Compund_Interest_Calculator"/>
      </group> <!-- regression -->
      <group name="sanity">
        <method signature="TC_002_Verify_Logo_is_Displayed.Verify_Logo_is_Displayed()[pri:0, instance:testCases.TC_002_Verify_Logo_is_Displayed@1aa7ecca]" name="Verify_Logo_is_Displayed" class="testCases.TC_002_Verify_Logo_is_Displayed"/>
      </group> <!-- sanity -->
    </groups>
    <test started-at="2024-10-31T08:29:04 GMT-07:00" name="Test" finished-at="2024-10-31T08:32:32 GMT-07:00" duration-ms="207962">
      <class name="testCases.TC_003_Verify_Compund_Interest_Calculator">
        <test-method is-config="true" signature="setup(java.lang.String,java.lang.String)[pri:0, instance:testCases.TC_003_Verify_Compund_Interest_Calculator@52bf72b5]" started-at="2024-10-31T08:30:17 GMT-07:00" name="setup" finished-at="2024-10-31T08:30:57 GMT-07:00" duration-ms="40145" status="PASS">
          <params>
            <param index="0">
              <value>
                <![CDATA[windows]]>
              </value>
            </param>
            <param index="1">
              <value>
                <![CDATA[chrome]]>
              </value>
            </param>
          </params>
          <reporter-output>
          </reporter-output>
        </test-method> <!-- setup -->
        <test-method signature="Verify_Compund_Interest_Calculator()[pri:0, instance:testCases.TC_003_Verify_Compund_Interest_Calculator@52bf72b5]" started-at="2024-10-31T08:30:57 GMT-07:00" name="Verify_Compund_Interest_Calculator" finished-at="2024-10-31T08:32:30 GMT-07:00" duration-ms="92843" status="PASS">
          <reporter-output>
          </reporter-output>
        </test-method> <!-- Verify_Compund_Interest_Calculator -->
        <test-method is-config="true" signature="tearDown()[pri:0, instance:testCases.TC_003_Verify_Compund_Interest_Calculator@52bf72b5]" started-at="2024-10-31T08:32:30 GMT-07:00" name="tearDown" finished-at="2024-10-31T08:32:32 GMT-07:00" duration-ms="1681" status="PASS">
          <reporter-output>
          </reporter-output>
        </test-method> <!-- tearDown -->
      </class> <!-- testCases.TC_003_Verify_Compund_Interest_Calculator -->
      <class name="testCases.TC_002_Verify_Logo_is_Displayed">
        <test-method is-config="true" signature="setup(java.lang.String,java.lang.String)[pri:0, instance:testCases.TC_002_Verify_Logo_is_Displayed@1aa7ecca]" started-at="2024-10-31T08:29:05 GMT-07:00" name="setup" finished-at="2024-10-31T08:30:13 GMT-07:00" duration-ms="68426" status="PASS">
          <params>
            <param index="0">
              <value>
                <![CDATA[windows]]>
              </value>
            </param>
            <param index="1">
              <value>
                <![CDATA[chrome]]>
              </value>
            </param>
          </params>
          <reporter-output>
          </reporter-output>
        </test-method> <!-- setup -->
        <test-method signature="Verify_Logo_is_Displayed()[pri:0, instance:testCases.TC_002_Verify_Logo_is_Displayed@1aa7ecca]" started-at="2024-10-31T08:30:13 GMT-07:00" name="Verify_Logo_is_Displayed" finished-at="2024-10-31T08:30:15 GMT-07:00" duration-ms="1608" status="PASS">
          <reporter-output>
          </reporter-output>
        </test-method> <!-- Verify_Logo_is_Displayed -->
        <test-method is-config="true" signature="tearDown()[pri:0, instance:testCases.TC_002_Verify_Logo_is_Displayed@1aa7ecca]" started-at="2024-10-31T08:30:15 GMT-07:00" name="tearDown" finished-at="2024-10-31T08:30:17 GMT-07:00" duration-ms="2187" status="PASS">
          <reporter-output>
          </reporter-output>
        </test-method> <!-- tearDown -->
      </class> <!-- testCases.TC_002_Verify_Logo_is_Displayed -->
    </test> <!-- Test -->
  </suite> <!-- Suite -->
</testng-results>
